{"/Users/raghibhasan/Desktop/Gym/src/App.tsx": {"path":"/Users/raghibhasan/Desktop/Gym/src/App.tsx","statementMap":{"0":{"start":{"line":10,"column":16},"end":{"line":22,"column":1}},"1":{"start":{"line":11,"column":21},"end":{"line":11,"column":48}},"2":{"start":{"line":12,"column":26},"end":{"line":12,"column":60}},"3":{"start":{"line":14,"column":2},"end":{"line":21,"column":4}}},"fnMap":{"0":{"name":"(anonymous_0)","decl":{"start":{"line":10,"column":16},"end":{"line":10,"column":17}},"loc":{"start":{"line":10,"column":22},"end":{"line":22,"column":1}},"line":10}},"branchMap":{"0":{"loc":{"start":{"line":16,"column":27},"end":{"line":16,"column":72}},"type":"cond-expr","locations":[{"start":{"line":16,"column":40},"end":{"line":16,"column":55}},{"start":{"line":16,"column":58},"end":{"line":16,"column":72}}],"line":16}},"s":{"0":1,"1":1,"2":1,"3":1},"f":{"0":1},"b":{"0":[0,1]},"_coverageSchema":"1a1c01bbd47fc00a2c39e90264f33305004495a9","hash":"bddeca7e40a19c9b42701cd21d6a72e183793cc4"}
}
