{"/Users/raghibhasan/Desktop/Gym/src/App.tsx": {"path":"/Users/raghibhasan/Desktop/Gym/src/App.tsx","statementMap":{"0":{"start":{"line":9,"column":12},"end":{"line":13,"column":1}},"1":{"start":{"line":10,"column":2},"end":{"line":12,"column":18}}},"fnMap":{"0":{"name":"(anonymous_0)","decl":{"start":{"line":9,"column":12},"end":{"line":9,"column":13}},"loc":{"start":{"line":10,"column":2},"end":{"line":12,"column":18}},"line":10}},"branchMap":{},"s":{"0":1,"1":1},"f":{"0":1},"b":{},"_coverageSchema":"1a1c01bbd47fc00a2c39e90264f33305004495a9","hash":"4c2eacbcc62077bc4aff3d08d220b392f11d163e"}
,"/Users/raghibhasan/Desktop/Gym/src/hooks/use-current-theme.ts": {"path":"/Users/raghibhasan/Desktop/Gym/src/hooks/use-current-theme.ts","statementMap":{"0":{"start":{"line":9,"column":31},"end":{"line":18,"column":1}},"1":{"start":{"line":10,"column":22},"end":{"line":10,"column":38}},"2":{"start":{"line":12,"column":16},"end":{"line":15,"column":3}},"3":{"start":{"line":13,"column":11},"end":{"line":13,"column":58}},"4":{"start":{"line":17,"column":2},"end":{"line":17,"column":14}}},"fnMap":{"0":{"name":"(anonymous_0)","decl":{"start":{"line":9,"column":31},"end":{"line":9,"column":32}},"loc":{"start":{"line":9,"column":44},"end":{"line":18,"column":1}},"line":9},"1":{"name":"(anonymous_1)","decl":{"start":{"line":13,"column":4},"end":{"line":13,"column":5}},"loc":{"start":{"line":13,"column":11},"end":{"line":13,"column":58}},"line":13}},"branchMap":{"0":{"loc":{"start":{"line":13,"column":11},"end":{"line":13,"column":58}},"type":"cond-expr","locations":[{"start":{"line":13,"column":36},"end":{"line":13,"column":45}},{"start":{"line":13,"column":48},"end":{"line":13,"column":58}}],"line":13}},"s":{"0":2,"1":3,"2":3,"3":3,"4":3},"f":{"0":3,"1":3},"b":{"0":[1,2]},"_coverageSchema":"1a1c01bbd47fc00a2c39e90264f33305004495a9","hash":"174dfceced5a2657d5478d059969c89e0abbad52"}
,"/Users/raghibhasan/Desktop/Gym/src/navigation/MainTabNavigator.tsx": {"path":"/Users/raghibhasan/Desktop/Gym/src/navigation/MainTabNavigator.tsx","statementMap":{"0":{"start":{"line":7,"column":12},"end":{"line":7,"column":56}},"1":{"start":{"line":9,"column":35},"end":{"line":13,"column":1}},"2":{"start":{"line":10,"column":2},"end":{"line":12,"column":18}}},"fnMap":{"0":{"name":"(anonymous_0)","decl":{"start":{"line":9,"column":35},"end":{"line":9,"column":36}},"loc":{"start":{"line":10,"column":2},"end":{"line":12,"column":18}},"line":10}},"branchMap":{},"s":{"0":1,"1":1,"2":1},"f":{"0":1},"b":{},"_coverageSchema":"1a1c01bbd47fc00a2c39e90264f33305004495a9","hash":"f1d67b7b5e5e822979a1938c0c3ea39e186ed5e6"}
,"/Users/raghibhasan/Desktop/Gym/src/navigation/RootNavigator.tsx": {"path":"/Users/raghibhasan/Desktop/Gym/src/navigation/RootNavigator.tsx","statementMap":{"0":{"start":{"line":8,"column":14},"end":{"line":8,"column":55}},"1":{"start":{"line":10,"column":32},"end":{"line":20,"column":1}},"2":{"start":{"line":11,"column":2},"end":{"line":19,"column":24}}},"fnMap":{"0":{"name":"(anonymous_0)","decl":{"start":{"line":10,"column":32},"end":{"line":10,"column":33}},"loc":{"start":{"line":11,"column":2},"end":{"line":19,"column":24}},"line":11}},"branchMap":{},"s":{"0":1,"1":1,"2":1},"f":{"0":1},"b":{},"_coverageSchema":"1a1c01bbd47fc00a2c39e90264f33305004495a9","hash":"0dd7273c3a22cab0ed7c19b364a46810191e8fb9"}
,"/Users/raghibhasan/Desktop/Gym/src/screens/HomeScreen.tsx": {"path":"/Users/raghibhasan/Desktop/Gym/src/screens/HomeScreen.tsx","statementMap":{"0":{"start":{"line":9,"column":26},"end":{"line":23,"column":1}},"1":{"start":{"line":10,"column":21},"end":{"line":10,"column":48}},"2":{"start":{"line":11,"column":26},"end":{"line":11,"column":60}},"3":{"start":{"line":13,"column":2},"end":{"line":22,"column":3}}},"fnMap":{"0":{"name":"(anonymous_0)","decl":{"start":{"line":9,"column":26},"end":{"line":9,"column":27}},"loc":{"start":{"line":9,"column":32},"end":{"line":23,"column":1}},"line":9}},"branchMap":{"0":{"loc":{"start":{"line":16,"column":29},"end":{"line":16,"column":74}},"type":"cond-expr","locations":[{"start":{"line":16,"column":42},"end":{"line":16,"column":57}},{"start":{"line":16,"column":60},"end":{"line":16,"column":74}}],"line":16}},"s":{"0":1,"1":1,"2":1,"3":1},"f":{"0":1},"b":{"0":[0,1]},"_coverageSchema":"1a1c01bbd47fc00a2c39e90264f33305004495a9","hash":"48ae885e4bdd88afeef58823143676b060d26189"}
,"/Users/raghibhasan/Desktop/Gym/src/theme/index.ts": {"path":"/Users/raghibhasan/Desktop/Gym/src/theme/index.ts","statementMap":{},"fnMap":{},"branchMap":{},"s":{},"f":{},"b":{},"_coverageSchema":"1a1c01bbd47fc00a2c39e90264f33305004495a9","hash":"0570b70f775d6229b120b76b45730f4bb9e1a421"}
,"/Users/raghibhasan/Desktop/Gym/src/theme/theme.ts": {"path":"/Users/raghibhasan/Desktop/Gym/src/theme/theme.ts","statementMap":{"0":{"start":{"line":3,"column":21},"end":{"line":111,"column":1}},"1":{"start":{"line":113,"column":33},"end":{"line":122,"column":1}},"2":{"start":{"line":124,"column":32},"end":{"line":133,"column":1}}},"fnMap":{},"branchMap":{},"s":{"0":2,"1":2,"2":2},"f":{},"b":{},"_coverageSchema":"1a1c01bbd47fc00a2c39e90264f33305004495a9","hash":"ca78c354f681a1d7042f3c235ef66111eb3a1f66"}
,"/Users/raghibhasan/Desktop/Gym/src/utils/test-utils.tsx": {"path":"/Users/raghibhasan/Desktop/Gym/src/utils/test-utils.tsx","statementMap":{"0":{"start":{"line":11,"column":53},"end":{"line":13,"column":1}},"1":{"start":{"line":12,"column":2},"end":{"line":12,"column":69}},"2":{"start":{"line":15,"column":21},"end":{"line":18,"column":57}},"3":{"start":{"line":18,"column":5},"end":{"line":18,"column":57}}},"fnMap":{"0":{"name":"(anonymous_0)","decl":{"start":{"line":11,"column":53},"end":{"line":11,"column":54}},"loc":{"start":{"line":11,"column":71},"end":{"line":13,"column":1}},"line":11},"1":{"name":"(anonymous_1)","decl":{"start":{"line":15,"column":21},"end":{"line":15,"column":22}},"loc":{"start":{"line":18,"column":5},"end":{"line":18,"column":57}},"line":18}},"branchMap":{},"s":{"0":2,"1":1,"2":2,"3":1},"f":{"0":1,"1":1},"b":{},"_coverageSchema":"1a1c01bbd47fc00a2c39e90264f33305004495a9","hash":"ac65b637b848ed7acdda230bd14d63c2a425de55"}
}
