TN:
SF:src/App.tsx
FN:9,(anonymous_0)
FNF:1
FNH:1
FNDA:1,(anonymous_0)
DA:9,1
DA:10,1
LF:2
LH:2
BRF:0
BRH:0
end_of_record
TN:
SF:src/hooks/use-current-theme.ts
FN:9,(anonymous_0)
FN:13,(anonymous_1)
FNF:2
FNH:2
FNDA:3,(anonymous_0)
FNDA:3,(anonymous_1)
DA:9,2
DA:10,3
DA:12,3
DA:13,3
DA:17,3
LF:5
LH:5
BRDA:13,0,0,1
BRDA:13,0,1,2
BRF:2
BRH:2
end_of_record
TN:
SF:src/navigation/MainTabNavigator.tsx
FN:9,(anonymous_0)
FNF:1
FNH:1
FNDA:1,(anonymous_0)
DA:7,1
DA:9,1
DA:10,1
LF:3
LH:3
BRF:0
BRH:0
end_of_record
TN:
SF:src/navigation/RootNavigator.tsx
FN:10,(anonymous_0)
FNF:1
FNH:1
FNDA:1,(anonymous_0)
DA:8,1
DA:10,1
DA:11,1
LF:3
LH:3
BRF:0
BRH:0
end_of_record
TN:
SF:src/screens/HomeScreen.tsx
FN:9,(anonymous_0)
FNF:1
FNH:1
FNDA:1,(anonymous_0)
DA:9,1
DA:10,1
DA:11,1
DA:13,1
LF:4
LH:4
BRDA:16,0,0,0
BRDA:16,0,1,1
BRF:2
BRH:1
end_of_record
TN:
SF:src/theme/index.ts
FNF:0
FNH:0
LF:0
LH:0
BRF:0
BRH:0
end_of_record
TN:
SF:src/theme/theme.ts
FNF:0
FNH:0
DA:3,2
DA:113,2
DA:124,2
LF:3
LH:3
BRF:0
BRH:0
end_of_record
TN:
SF:src/utils/test-utils.tsx
FN:11,(anonymous_0)
FN:15,(anonymous_1)
FNF:2
FNH:2
FNDA:1,(anonymous_0)
FNDA:1,(anonymous_1)
DA:11,2
DA:12,1
DA:15,2
DA:18,1
LF:4
LH:4
BRF:0
BRH:0
end_of_record
